app/build/outputs/logs/manifest-merger-debug-report.txt
-- Merging decision tree log ---
manifest
ADDED from src\main\AndroidManifest.xml:2:1-86:12
	package
		ADDED from src\main\AndroidManifest.xml:3:5-47
		INJECTED from src\main\AndroidManifest.xml
		INJECTED from src\main\AndroidManifest.xml
	android:versionName
		INJECTED from src\main\AndroidManifest.xml
		INJECTED from src\main\AndroidManifest.xml
	xmlns:android
		ADDED from src\main\AndroidManifest.xml:2:11-69
	android:versionCode
		INJECTED from src\main\AndroidManifest.xml
		INJECTED from src\main\AndroidManifest.xml
uses-permission#android.permission.READ_CALENDAR
ADDED from src\main\AndroidManifest.xml:5:5-72
	android:name
		ADDED from src\main\AndroidManifest.xml:5:22-69
uses-permission#android.permission.VIBRATE
ADDED from src\main\AndroidManifest.xml:6:5-66
	android:name
		ADDED from src\main\AndroidManifest.xml:6:22-63
uses-permission#android.permission.WAKE_LOCK
ADDED from src\main\AndroidManifest.xml:7:5-68
	android:name
		ADDED from src\main\AndroidManifest.xml:7:22-65
uses-permission#android.permission.DISABLE_KEYGUARD
ADDED from src\main\AndroidManifest.xml:8:5-75
	android:name
		ADDED from src\main\AndroidManifest.xml:8:22-72
uses-permission#android.permission.SYSTEM_ALERT_WINDOW
ADDED from src\main\AndroidManifest.xml:9:5-78
	android:name
		ADDED from src\main\AndroidManifest.xml:9:22-75
uses-permission#android.permission.WRITE_SETTINGS
ADDED from src\main\AndroidManifest.xml:10:5-73
	android:name
		ADDED from src\main\AndroidManifest.xml:10:22-70
uses-permission#android.permission.WRITE_EXTERNAL_STORAGE
ADDED from src\main\AndroidManifest.xml:11:5-81
	android:name
		ADDED from src\main\AndroidManifest.xml:11:22-78
uses-permission#android.permission.CHANGE_CONFIGURATION
ADDED from src\main\AndroidManifest.xml:12:5-79
	android:name
		ADDED from src\main\AndroidManifest.xml:12:22-76
uses-permission#android.permission.MODIFY_AUDIO_SETTINGS
ADDED from src\main\AndroidManifest.xml:13:5-80
	android:name
		ADDED from src\main\AndroidManifest.xml:13:22-77
uses-permission#android.permission.RECEIVE_BOOT_COMPLETED
ADDED from src\main\AndroidManifest.xml:14:5-81
	android:name
		ADDED from src\main\AndroidManifest.xml:14:22-78
uses-feature#android.hardware.sensor.accelerometer
ADDED from src\main\AndroidManifest.xml:16:5-18:35
	android:required
		ADDED from src\main\AndroidManifest.xml:18:9-32
	android:name
		ADDED from src\main\AndroidManifest.xml:17:9-61
application
ADDED from src\main\AndroidManifest.xml:20:5-84:19
MERGED from [com.android.support:design:26.0.0-alpha1] AndroidManifest.xml:29:5-20
MERGED from [com.android.support:transition:26.0.0-alpha1] AndroidManifest.xml:26:5-20
MERGED from [com.android.support:preference-v7:26.0.0-alpha1] AndroidManifest.xml:26:5-20
MERGED from [com.android.support:appcompat-v7:26.0.0-alpha1] AndroidManifest.xml:29:5-20
MERGED from [com.android.support:support-v4:26.0.0-alpha1] AndroidManifest.xml:29:5-20
MERGED from [com.android.support:support-media-compat:26.0.0-alpha1] AndroidManifest.xml:29:5-20
MERGED from [com.android.support:support-fragment:26.0.0-alpha1] AndroidManifest.xml:29:5-20
MERGED from [com.android.support:support-core-utils:26.0.0-alpha1] AndroidManifest.xml:29:5-20
MERGED from [com.android.support:animated-vector-drawable:26.0.0-alpha1] AndroidManifest.xml:26:5-20
MERGED from [com.android.support:support-core-ui:26.0.0-alpha1] AndroidManifest.xml:29:5-20
MERGED from [com.android.support:support-vector-drawable:26.0.0-alpha1] AndroidManifest.xml:26:5-20
MERGED from [com.android.support:support-compat:26.0.0-alpha1] AndroidManifest.xml:29:5-20
MERGED from [com.android.support.constraint:constraint-layout:1.0.2] AndroidManifest.xml:9:5-20
	android:label
		ADDED from src\main\AndroidManifest.xml:23:9-35
	android:supportsRtl
		ADDED from src\main\AndroidManifest.xml:25:9-35
	android:roundIcon
		ADDED from src\main\AndroidManifest.xml:24:9-48
	android:allowBackup
		ADDED from src\main\AndroidManifest.xml:21:9-35
	android:icon
		ADDED from src\main\AndroidManifest.xml:22:9-38
	android:theme
		ADDED from src\main\AndroidManifest.xml:26:9-40
activity#techknights.droidrush.getalarmed.MainActivity
ADDED from src\main\AndroidManifest.xml:27:9-32:59
	android:screenOrientation
		ADDED from src\main\AndroidManifest.xml:31:13-49
	android:label
		ADDED from src\main\AndroidManifest.xml:30:13-39
	android:configChanges
		ADDED from src\main\AndroidManifest.xml:29:13-48
	android:theme
		ADDED from src\main\AndroidManifest.xml:32:13-56
	android:name
		ADDED from src\main\AndroidManifest.xml:28:13-41
activity#techknights.droidrush.getalarmed.NotesActivity
ADDED from src\main\AndroidManifest.xml:33:9-37:52
	android:screenOrientation
		ADDED from src\main\AndroidManifest.xml:37:13-49
	android:label
		ADDED from src\main\AndroidManifest.xml:36:13-34
	android:configChanges
		ADDED from src\main\AndroidManifest.xml:35:13-48
	android:name
		ADDED from src\main\AndroidManifest.xml:34:13-42
activity#techknights.droidrush.getalarmed.AboutDeveloperActivity
ADDED from src\main\AndroidManifest.xml:38:9-42:52
	android:screenOrientation
		ADDED from src\main\AndroidManifest.xml:42:13-49
	android:label
		ADDED from src\main\AndroidManifest.xml:41:13-44
	android:configChanges
		ADDED from src\main\AndroidManifest.xml:40:13-48
	android:name
		ADDED from src\main\AndroidManifest.xml:39:13-51
activity#techknights.droidrush.getalarmed.SettingsActivity
ADDED from src\main\AndroidManifest.xml:43:9-47:52
	android:screenOrientation
		ADDED from src\main\AndroidManifest.xml:47:13-49
	android:label
		ADDED from src\main\AndroidManifest.xml:46:13-37
	android:configChanges
		ADDED from src\main\AndroidManifest.xml:45:13-48
	android:name
		ADDED from src\main\AndroidManifest.xml:44:13-45
activity#techknights.droidrush.getalarmed.AlarmActivity
ADDED from src\main\AndroidManifest.xml:48:9-52:52
	android:screenOrientation
		ADDED from src\main\AndroidManifest.xml:52:13-49
	android:label
		ADDED from src\main\AndroidManifest.xml:51:13-38
	android:configChanges
		ADDED from src\main\AndroidManifest.xml:50:13-48
	android:name
		ADDED from src\main\AndroidManifest.xml:49:13-42
activity#techknights.droidrush.getalarmed.TimerActivity
ADDED from src\main\AndroidManifest.xml:53:9-57:52
	android:screenOrientation
		ADDED from src\main\AndroidManifest.xml:57:13-49
	android:label
		ADDED from src\main\AndroidManifest.xml:56:13-34
	android:configChanges
		ADDED from src\main\AndroidManifest.xml:55:13-48
	android:name
		ADDED from src\main\AndroidManifest.xml:54:13-42
activity#techknights.droidrush.getalarmed.AlarmAlertActivity
ADDED from src\main\AndroidManifest.xml:58:9-64:59
	android:screenOrientation
		ADDED from src\main\AndroidManifest.xml:62:13-55
	android:label
		ADDED from src\main\AndroidManifest.xml:61:13-66
	android:excludeFromRecents
		ADDED from src\main\AndroidManifest.xml:60:13-46
	android:showOnLockScreen
		ADDED from src\main\AndroidManifest.xml:63:13-44
	android:theme
		ADDED from src\main\AndroidManifest.xml:64:13-56
	android:name
		ADDED from src\main\AndroidManifest.xml:59:13-47
receiver#techknights.droidrush.getalarmed.AlarmReceiver
ADDED from src\main\AndroidManifest.xml:66:9-70:20
	android:name
		ADDED from src\main\AndroidManifest.xml:66:19-48
intent-filter#com.blah.something.ALARM_RECIEVED
ADDED from src\main\AndroidManifest.xml:67:13-69:29
	android:priority
		ADDED from src\main\AndroidManifest.xml:67:28-48
action#com.blah.something.ALARM_RECIEVED
ADDED from src\main\AndroidManifest.xml:68:17-76
	android:name
		ADDED from src\main\AndroidManifest.xml:68:25-73
activity#techknights.droidrush.getalarmed.IntroActivity
ADDED from src\main\AndroidManifest.xml:72:9-78:20
	android:name
		ADDED from src\main\AndroidManifest.xml:72:19-48
intent-filter#android.intent.action.MAIN+android.intent.category.LAUNCHER
ADDED from src\main\AndroidManifest.xml:73:13-77:29
action#android.intent.action.MAIN
ADDED from src\main\AndroidManifest.xml:74:17-69
	android:name
		ADDED from src\main\AndroidManifest.xml:74:25-66
category#android.intent.category.LAUNCHER
ADDED from src\main\AndroidManifest.xml:76:17-77
	android:name
		ADDED from src\main\AndroidManifest.xml:76:27-74
activity#techknights.droidrush.getalarmed.ChronometerActivity
ADDED from src\main\AndroidManifest.xml:79:9-82:51
	android:screenOrientation
		ADDED from src\main\AndroidManifest.xml:82:13-49
	android:label
		ADDED from src\main\AndroidManifest.xml:81:13-40
	android:configChanges
		ADDED from src\main\AndroidManifest.xml:80:13-48
	android:name
		ADDED from src\main\AndroidManifest.xml:79:19-54
uses-sdk
INJECTED from src\main\AndroidManifest.xml reason: use-sdk injection requested
MERGED from [com.android.support:design:26.0.0-alpha1] AndroidManifest.xml:21:5-23:62
MERGED from [com.android.support:transition:26.0.0-alpha1] AndroidManifest.xml:20:5-44
MERGED from [com.android.support:preference-v7:26.0.0-alpha1] AndroidManifest.xml:20:5-44
MERGED from [com.android.support:appcompat-v7:26.0.0-alpha1] AndroidManifest.xml:21:5-23:78
MERGED from [com.android.support:support-v4:26.0.0-alpha1] AndroidManifest.xml:21:5-23:54
MERGED from [com.android.support:support-media-compat:26.0.0-alpha1] AndroidManifest.xml:21:5-23:63
MERGED from [com.android.support:support-fragment:26.0.0-alpha1] AndroidManifest.xml:21:5-23:60
MERGED from [com.android.support:support-core-utils:26.0.0-alpha1] AndroidManifest.xml:21:5-23:61
MERGED from [com.android.support:animated-vector-drawable:26.0.0-alpha1] AndroidManifest.xml:20:5-44
MERGED from [com.android.support:recyclerview-v7:26.0.0-alpha1] AndroidManifest.xml:20:5-44
MERGED from [com.android.support:support-core-ui:26.0.0-alpha1] AndroidManifest.xml:21:5-23:58
MERGED from [com.android.support:support-vector-drawable:26.0.0-alpha1] AndroidManifest.xml:20:5-44
MERGED from [com.android.support:support-compat:26.0.0-alpha1] AndroidManifest.xml:21:5-23:58
MERGED from [com.android.support.constraint:constraint-layout:1.0.2] AndroidManifest.xml:5:5-7:41
	tools:overrideLibrary
		ADDED from [com.android.support:design:26.0.0-alpha1] AndroidManifest.xml:23:9-59
	android:targetSdkVersion
		INJECTED from src\main\AndroidManifest.xml
		INJECTED from src\main\AndroidManifest.xml
	android:minSdkVersion
		INJECTED from src\main\AndroidManifest.xml
		INJECTED from src\main\AndroidManifest.xml
meta-data#android.support.VERSION
ADDED from [com.android.support:design:26.0.0-alpha1] AndroidManifest.xml:25:5-27:41
MERGED from [com.android.support:transition:26.0.0-alpha1] AndroidManifest.xml:22:5-24:41
MERGED from [com.android.support:preference-v7:26.0.0-alpha1] AndroidManifest.xml:22:5-24:41
MERGED from [com.android.support:appcompat-v7:26.0.0-alpha1] AndroidManifest.xml:25:5-27:41
MERGED from [com.android.support:support-v4:26.0.0-alpha1] AndroidManifest.xml:25:5-27:41
MERGED from [com.android.support:support-media-compat:26.0.0-alpha1] AndroidManifest.xml:25:5-27:41
MERGED from [com.android.support:support-fragment:26.0.0-alpha1] AndroidManifest.xml:25:5-27:41
MERGED from [com.android.support:support-core-utils:26.0.0-alpha1] AndroidManifest.xml:25:5-27:41
MERGED from [com.android.support:animated-vector-drawable:26.0.0-alpha1] AndroidManifest.xml:22:5-24:41
MERGED from [com.android.support:recyclerview-v7:26.0.0-alpha1] AndroidManifest.xml:22:5-24:41
MERGED from [com.android.support:support-core-ui:26.0.0-alpha1] AndroidManifest.xml:25:5-27:41
MERGED from [com.android.support:support-vector-drawable:26.0.0-alpha1] AndroidManifest.xml:22:5-24:41
MERGED from [com.android.support:support-compat:26.0.0-alpha1] AndroidManifest.xml:25:5-27:41
	android:value
		ADDED from [com.android.support:design:26.0.0-alpha1] AndroidManifest.xml:27:9-38
	android:name
		ADDED from [com.android.support:design:26.0.0-alpha1] AndroidManifest.xml:26:9-47